Build started 10/16/2013 12:47:07 AM.
     1>Project "C:\Users\Patron\Documents\Visual Studio 2012\Projects\CS559_Project2\CS559_Project2\CS559_Project2.vcxproj" on node 2 (Build target(s)).
     1>ClCompile:
         C:\Program Files (x86)\Microsoft Visual Studio 11.0\VC\bin\CL.exe /c /I"C:\Program Files (x86)\freeglut-2.8.1\include" /I"C:\Program Files (x86)\glew-1.7.0\include" /I"C:\Program Files (x86)\glm-0.9.4.5\glm" /I"C:\Program Files (x86)\glm-0.9.4.5" /Zi /nologo /W3 /WX- /sdl /O2 /Oi /Oy- /GL /D WIN32 /D NDEBUG /D _CONSOLE /D _UNICODE /D UNICODE /Gm- /EHsc /MD /GS /Gy /fp:precise /Zc:wchar_t /Zc:forScope /Fo"Release\\" /Fd"Release\vc110.pdb" /Gd /TP /analyze- /errorReport:prompt Light.cpp Shader.cpp main.cpp
         Light.cpp
         Shader.cpp
         main.cpp
       Link:
         C:\Program Files (x86)\Microsoft Visual Studio 11.0\VC\bin\link.exe /ERRORREPORT:PROMPT /OUT:"C:\Users\Patron\Documents\Visual Studio 2012\Projects\CS559_Project2\Release\CS559_Project2.exe" /INCREMENTAL:NO /NOLOGO /LIBPATH:"C:\Program Files (x86)\freeglut-2.8.1\lib" /LIBPATH:"C:\Program Files (x86)\glew-1.7.0\lib" freeglut.lib glew32.lib kernel32.lib user32.lib gdi32.lib winspool.lib comdlg32.lib advapi32.lib shell32.lib ole32.lib oleaut32.lib uuid.lib odbc32.lib odbccp32.lib kernel32.lib user32.lib gdi32.lib winspool.lib comdlg32.lib advapi32.lib shell32.lib ole32.lib oleaut32.lib uuid.lib odbc32.lib odbccp32.lib /MANIFEST /MANIFESTUAC:"level='asInvoker' uiAccess='false'" /manifest:embed /DEBUG /PDB:"C:\Users\Patron\Documents\Visual Studio 2012\Projects\CS559_Project2\Release\CS559_Project2.pdb" /SUBSYSTEM:CONSOLE /OPT:REF /OPT:ICF /LTCG /TLBID:1 /DYNAMICBASE /NXCOMPAT /IMPLIB:"C:\Users\Patron\Documents\Visual Studio 2012\Projects\CS559_Project2\Release\CS559_Project2.lib" /MACHINE:X86 /SAFESEH Release\Light.obj
         Release\main.obj
         Release\Mars.obj
         Release\Mesh.obj
         Release\Shader.obj
         Release\Spaceship.obj
         Release\Starfield.obj
         Generating code
         Finished generating code
         CS559_Project2.vcxproj -> C:\Users\Patron\Documents\Visual Studio 2012\Projects\CS559_Project2\Release\CS559_Project2.exe
     1>Done Building Project "C:\Users\Patron\Documents\Visual Studio 2012\Projects\CS559_Project2\CS559_Project2\CS559_Project2.vcxproj" (Build target(s)).

Build succeeded.

Time Elapsed 00:00:04.97
