Build started 11/2/2013 5:39:45 PM.
     1>Project "\\wfs1\users$\jreed\My Documents\Visual Studio 2012\Projects\CS559_Project2\CS559_project2v2\CS559_project2v2.vcxproj" on node 2 (Build target(s)).
     1>InitializeBuildStatus:
         Creating "Release\CS559_project2v2.unsuccessfulbuild" because "AlwaysCreate" was specified.
       ClCompile:
         C:\Program Files (x86)\Microsoft Visual Studio 11.0\VC\bin\CL.exe /c /I"C:\Program Files (x86)\freeglut-2.8.1\include" /I"C:\Program Files (x86)\glew-1.7.0\include" /I"C:\Program Files (x86)\glm-0.9.4.5" /Zi /nologo /W3 /WX- /sdl /O2 /Oi /Oy- /GL /D WIN32 /D NDEBUG /D _CONSOLE /D _UNICODE /D UNICODE /Gm- /EHsc /MD /GS /Gy /fp:precise /Zc:wchar_t /Zc:forScope /Fo"Release\\" /Fd"Release\vc110.pdb" /Gd /TP /analyze- /errorReport:prompt main.cpp
         main.cpp
       Link:
         C:\Program Files (x86)\Microsoft Visual Studio 11.0\VC\bin\link.exe /ERRORREPORT:PROMPT /OUT:"\\wfs1\users$\jreed\My Documents\Visual Studio 2012\Projects\CS559_Project2\Release\CS559_project2v2.exe" /INCREMENTAL:NO /NOLOGO /LIBPATH:"C:\Program Files (x86)\freeglut-2.8.1\lib" /LIBPATH:"C:\Program Files (x86)\glew-1.7.0\lib" freeglut.lib glew32.lib kernel32.lib user32.lib gdi32.lib winspool.lib comdlg32.lib advapi32.lib shell32.lib ole32.lib oleaut32.lib uuid.lib odbc32.lib odbccp32.lib kernel32.lib user32.lib gdi32.lib winspool.lib comdlg32.lib advapi32.lib shell32.lib ole32.lib oleaut32.lib uuid.lib odbc32.lib odbccp32.lib /MANIFEST /MANIFESTUAC:"level='asInvoker' uiAccess='false'" /manifest:embed /DEBUG /PDB:"\\wfs1\users$\jreed\My Documents\Visual Studio 2012\Projects\CS559_Project2\Release\CS559_project2v2.pdb" /SUBSYSTEM:CONSOLE /OPT:REF /OPT:ICF /LTCG /TLBID:1 /DYNAMICBASE /NXCOMPAT /IMPLIB:"\\wfs1\users$\jreed\My Documents\Visual Studio 2012\Projects\CS559_Project2\Release\CS559_project2v2.lib" /MACHINE:X86 /SAFESEH Release\Cylinder.obj
         Release\main.obj
         Release\Mars.obj
         Release\Mesh.obj
         Release\Object.obj
         Release\Shader.obj
         Release\Spaceship.obj
         Release\Sphere.obj
         Release\Starfield.obj
         Release\VertexAttributes.obj
         Generating code
         Finished generating code
         CS559_project2v2.vcxproj -> \\wfs1\users$\jreed\My Documents\Visual Studio 2012\Projects\CS559_Project2\Release\CS559_project2v2.exe
       FinalizeBuildStatus:
         Deleting file "Release\CS559_project2v2.unsuccessfulbuild".
         Touching "Release\CS559_project2v2.lastbuildstate".
     1>Done Building Project "\\wfs1\users$\jreed\My Documents\Visual Studio 2012\Projects\CS559_Project2\CS559_project2v2\CS559_project2v2.vcxproj" (Build target(s)).

Build succeeded.

Time Elapsed 00:00:14.58
