C:\USERS\PATRON\DOCUMENTS\VISUAL STUDIO 2012\PROJECTS\CS559_PROJECT2\CS559_PROJECT2\DEBUG\LIGHT.OBJ
C:\USERS\PATRON\DOCUMENTS\VISUAL STUDIO 2012\PROJECTS\CS559_PROJECT2\CS559_PROJECT2\DEBUG\MAIN.OBJ
C:\USERS\PATRON\DOCUMENTS\VISUAL STUDIO 2012\PROJECTS\CS559_PROJECT2\CS559_PROJECT2\DEBUG\MARS.OBJ
C:\USERS\PATRON\DOCUMENTS\VISUAL STUDIO 2012\PROJECTS\CS559_PROJECT2\CS559_PROJECT2\DEBUG\MESH.OBJ
C:\USERS\PATRON\DOCUMENTS\VISUAL STUDIO 2012\PROJECTS\CS559_PROJECT2\CS559_PROJECT2\DEBUG\SHADER.OBJ
C:\USERS\PATRON\DOCUMENTS\VISUAL STUDIO 2012\PROJECTS\CS559_PROJECT2\CS559_PROJECT2\DEBUG\SPACESHIP.OBJ
C:\USERS\PATRON\DOCUMENTS\VISUAL STUDIO 2012\PROJECTS\CS559_PROJECT2\CS559_PROJECT2\DEBUG\STARFIELD.OBJ
C:\USERS\PATRON\DOCUMENTS\VISUAL STUDIO 2012\PROJECTS\CS559_PROJECT2\CS559_PROJECT2\DEBUG\VC110.PDB
C:\USERS\PATRON\DOCUMENTS\VISUAL STUDIO 2012\PROJECTS\CS559_PROJECT2\CS559_PROJECT2\DEBUG\GLOBALS.OBJ
C:\USERS\PATRON\DOCUMENTS\VISUAL STUDIO 2012\PROJECTS\CS559_PROJECT2\DEBUG\CS559_PROJECT2.ILK
C:\USERS\PATRON\DOCUMENTS\VISUAL STUDIO 2012\PROJECTS\CS559_PROJECT2\DEBUG\CS559_PROJECT2.EXE
C:\USERS\PATRON\DOCUMENTS\VISUAL STUDIO 2012\PROJECTS\CS559_PROJECT2\DEBUG\CS559_PROJECT2.PDB
C:\Users\Patron\Documents\Visual Studio 2012\Projects\CS559_Project2\CS559_Project2\Debug\Globals.obj
C:\Users\Patron\Documents\Visual Studio 2012\Projects\CS559_Project2\CS559_Project2\Debug\Light.obj
C:\Users\Patron\Documents\Visual Studio 2012\Projects\CS559_Project2\CS559_Project2\Debug\main.obj
C:\Users\Patron\Documents\Visual Studio 2012\Projects\CS559_Project2\CS559_Project2\Debug\Mars.obj
C:\Users\Patron\Documents\Visual Studio 2012\Projects\CS559_Project2\CS559_Project2\Debug\Mesh.obj
C:\Users\Patron\Documents\Visual Studio 2012\Projects\CS559_Project2\CS559_Project2\Debug\Shader.obj
C:\Users\Patron\Documents\Visual Studio 2012\Projects\CS559_Project2\CS559_Project2\Debug\Spaceship.obj
C:\Users\Patron\Documents\Visual Studio 2012\Projects\CS559_Project2\CS559_Project2\Debug\Starfield.obj
C:\Users\Patron\Documents\Visual Studio 2012\Projects\CS559_Project2\CS559_Project2\Debug\cl.command.1.tlog
C:\Users\Patron\Documents\Visual Studio 2012\Projects\CS559_Project2\CS559_Project2\Debug\CL.read.1.tlog
C:\Users\Patron\Documents\Visual Studio 2012\Projects\CS559_Project2\CS559_Project2\Debug\CL.write.1.tlog
C:\Users\Patron\Documents\Visual Studio 2012\Projects\CS559_Project2\CS559_Project2\Debug\link-cvtres.read.1.tlog
C:\Users\Patron\Documents\Visual Studio 2012\Projects\CS559_Project2\CS559_Project2\Debug\link-cvtres.write.1.tlog
C:\Users\Patron\Documents\Visual Studio 2012\Projects\CS559_Project2\CS559_Project2\Debug\link-rc.read.1.tlog
C:\Users\Patron\Documents\Visual Studio 2012\Projects\CS559_Project2\CS559_Project2\Debug\link-rc.write.1.tlog
C:\Users\Patron\Documents\Visual Studio 2012\Projects\CS559_Project2\CS559_Project2\Debug\link.1600-cvtres.read.1.tlog
C:\Users\Patron\Documents\Visual Studio 2012\Projects\CS559_Project2\CS559_Project2\Debug\link.1600-cvtres.write.1.tlog
C:\Users\Patron\Documents\Visual Studio 2012\Projects\CS559_Project2\CS559_Project2\Debug\link.1600-rc.read.1.tlog
C:\Users\Patron\Documents\Visual Studio 2012\Projects\CS559_Project2\CS559_Project2\Debug\link.1600-rc.write.1.tlog
C:\Users\Patron\Documents\Visual Studio 2012\Projects\CS559_Project2\CS559_Project2\Debug\link.1600.read.1.tlog
C:\Users\Patron\Documents\Visual Studio 2012\Projects\CS559_Project2\CS559_Project2\Debug\link.1600.write.1.tlog
C:\Users\Patron\Documents\Visual Studio 2012\Projects\CS559_Project2\CS559_Project2\Debug\link.1856-cvtres.read.1.tlog
C:\Users\Patron\Documents\Visual Studio 2012\Projects\CS559_Project2\CS559_Project2\Debug\link.1856-cvtres.write.1.tlog
C:\Users\Patron\Documents\Visual Studio 2012\Projects\CS559_Project2\CS559_Project2\Debug\link.1856-rc.read.1.tlog
C:\Users\Patron\Documents\Visual Studio 2012\Projects\CS559_Project2\CS559_Project2\Debug\link.1856-rc.write.1.tlog
C:\Users\Patron\Documents\Visual Studio 2012\Projects\CS559_Project2\CS559_Project2\Debug\link.1856.read.1.tlog
C:\Users\Patron\Documents\Visual Studio 2012\Projects\CS559_Project2\CS559_Project2\Debug\link.1856.write.1.tlog
C:\Users\Patron\Documents\Visual Studio 2012\Projects\CS559_Project2\CS559_Project2\Debug\link.3592.read.1.tlog
C:\Users\Patron\Documents\Visual Studio 2012\Projects\CS559_Project2\CS559_Project2\Debug\link.3592.write.1.tlog
C:\Users\Patron\Documents\Visual Studio 2012\Projects\CS559_Project2\CS559_Project2\Debug\link.5112-cvtres.read.1.tlog
C:\Users\Patron\Documents\Visual Studio 2012\Projects\CS559_Project2\CS559_Project2\Debug\link.5112-cvtres.write.1.tlog
C:\Users\Patron\Documents\Visual Studio 2012\Projects\CS559_Project2\CS559_Project2\Debug\link.5112-rc.read.1.tlog
C:\Users\Patron\Documents\Visual Studio 2012\Projects\CS559_Project2\CS559_Project2\Debug\link.5112-rc.write.1.tlog
C:\Users\Patron\Documents\Visual Studio 2012\Projects\CS559_Project2\CS559_Project2\Debug\link.5112.read.1.tlog
C:\Users\Patron\Documents\Visual Studio 2012\Projects\CS559_Project2\CS559_Project2\Debug\link.5112.write.1.tlog
C:\Users\Patron\Documents\Visual Studio 2012\Projects\CS559_Project2\CS559_Project2\Debug\link.5196-cvtres.read.1.tlog
C:\Users\Patron\Documents\Visual Studio 2012\Projects\CS559_Project2\CS559_Project2\Debug\link.5196-cvtres.write.1.tlog
C:\Users\Patron\Documents\Visual Studio 2012\Projects\CS559_Project2\CS559_Project2\Debug\link.5196-rc.read.1.tlog
C:\Users\Patron\Documents\Visual Studio 2012\Projects\CS559_Project2\CS559_Project2\Debug\link.5196-rc.write.1.tlog
C:\Users\Patron\Documents\Visual Studio 2012\Projects\CS559_Project2\CS559_Project2\Debug\link.5196.read.1.tlog
C:\Users\Patron\Documents\Visual Studio 2012\Projects\CS559_Project2\CS559_Project2\Debug\link.5196.write.1.tlog
C:\Users\Patron\Documents\Visual Studio 2012\Projects\CS559_Project2\CS559_Project2\Debug\link.5492-cvtres.read.1.tlog
C:\Users\Patron\Documents\Visual Studio 2012\Projects\CS559_Project2\CS559_Project2\Debug\link.5492-cvtres.write.1.tlog
C:\Users\Patron\Documents\Visual Studio 2012\Projects\CS559_Project2\CS559_Project2\Debug\link.5492-rc.read.1.tlog
C:\Users\Patron\Documents\Visual Studio 2012\Projects\CS559_Project2\CS559_Project2\Debug\link.5492-rc.write.1.tlog
C:\Users\Patron\Documents\Visual Studio 2012\Projects\CS559_Project2\CS559_Project2\Debug\link.5492.read.1.tlog
C:\Users\Patron\Documents\Visual Studio 2012\Projects\CS559_Project2\CS559_Project2\Debug\link.5492.write.1.tlog
C:\Users\Patron\Documents\Visual Studio 2012\Projects\CS559_Project2\CS559_Project2\Debug\link.6872-cvtres.read.1.tlog
C:\Users\Patron\Documents\Visual Studio 2012\Projects\CS559_Project2\CS559_Project2\Debug\link.6872-cvtres.write.1.tlog
C:\Users\Patron\Documents\Visual Studio 2012\Projects\CS559_Project2\CS559_Project2\Debug\link.6872-rc.read.1.tlog
C:\Users\Patron\Documents\Visual Studio 2012\Projects\CS559_Project2\CS559_Project2\Debug\link.6872-rc.write.1.tlog
C:\Users\Patron\Documents\Visual Studio 2012\Projects\CS559_Project2\CS559_Project2\Debug\link.6872.read.1.tlog
C:\Users\Patron\Documents\Visual Studio 2012\Projects\CS559_Project2\CS559_Project2\Debug\link.6872.write.1.tlog
C:\Users\Patron\Documents\Visual Studio 2012\Projects\CS559_Project2\CS559_Project2\Debug\link.7124-cvtres.read.1.tlog
C:\Users\Patron\Documents\Visual Studio 2012\Projects\CS559_Project2\CS559_Project2\Debug\link.7124-cvtres.write.1.tlog
C:\Users\Patron\Documents\Visual Studio 2012\Projects\CS559_Project2\CS559_Project2\Debug\link.7124-rc.read.1.tlog
C:\Users\Patron\Documents\Visual Studio 2012\Projects\CS559_Project2\CS559_Project2\Debug\link.7124-rc.write.1.tlog
C:\Users\Patron\Documents\Visual Studio 2012\Projects\CS559_Project2\CS559_Project2\Debug\link.7124.read.1.tlog
C:\Users\Patron\Documents\Visual Studio 2012\Projects\CS559_Project2\CS559_Project2\Debug\link.7124.write.1.tlog
C:\Users\Patron\Documents\Visual Studio 2012\Projects\CS559_Project2\CS559_Project2\Debug\link.command.1.tlog
C:\Users\Patron\Documents\Visual Studio 2012\Projects\CS559_Project2\CS559_Project2\Debug\link.read.1.tlog
C:\Users\Patron\Documents\Visual Studio 2012\Projects\CS559_Project2\CS559_Project2\Debug\link.write.1.tlog
C:\Users\Patron\Documents\Visual Studio 2012\Projects\CS559_Project2\CS559_Project2\Debug\vc110.idb
C:\Users\Patron\Documents\Visual Studio 2012\Projects\CS559_Project2\CS559_Project2\Debug\vc110.pdb
C:\Users\Patron\Documents\Visual Studio 2012\Projects\CS559_Project2\Debug\CS559_Project2.pdb
C:\Users\Patron\Documents\Visual Studio 2012\Projects\CS559_Project2\Debug\CS559_Project2.exe
C:\Users\Patron\Documents\Visual Studio 2012\Projects\CS559_Project2\Debug\CS559_Project2.ilk
